<?xml version="1.0" encoding="UTF-8"?>
<testng-results skipped="0" failed="0" total="1" passed="1">
  <reporter-output>
  </reporter-output>
  <suite name="Default suite" duration-ms="37958" started-at="2019-05-03T17:55:26Z" finished-at="2019-05-03T17:56:04Z">
    <groups>
    </groups>
    <test name="Default test" duration-ms="37958" started-at="2019-05-03T17:55:26Z" finished-at="2019-05-03T17:56:04Z">
      <class name="com.qa.MyStore.Test_Cases.Order_Page_Test">
        <test-method status="PASS" signature="setup()[pri:0, instance:com.qa.MyStore.Test_Cases.Order_Page_Test@256216b3]" name="setup" is-config="true" duration-ms="24536" started-at="2019-05-03T23:25:26Z" finished-at="2019-05-03T23:25:51Z">
          <reporter-output>
          </reporter-output>
        </test-method> <!-- setup -->
        <test-method status="PASS" signature="product_order_Test()[pri:0, instance:com.qa.MyStore.Test_Cases.Order_Page_Test@256216b3]" name="product_order_Test" duration-ms="12748" started-at="2019-05-03T23:25:51Z" finished-at="2019-05-03T23:26:04Z">
          <reporter-output>
          </reporter-output>
        </test-method> <!-- product_order_Test -->
        <test-method status="PASS" signature="teardown()[pri:0, instance:com.qa.MyStore.Test_Cases.Order_Page_Test@256216b3]" name="teardown" is-config="true" duration-ms="653" started-at="2019-05-03T23:26:04Z" finished-at="2019-05-03T23:26:04Z">
          <reporter-output>
          </reporter-output>
        </test-method> <!-- teardown -->
      </class> <!-- com.qa.MyStore.Test_Cases.Order_Page_Test -->
    </test> <!-- Default test -->
  </suite> <!-- Default suite -->
</testng-results>
